2024-08-19 17:38:03,320 - DEBUG - STREAM b'IHDR' 16 13
2024-08-19 17:38:03,320 - DEBUG - STREAM b'sBIT' 41 4
2024-08-19 17:38:03,320 - DEBUG - b'sBIT' 41 4 (unknown)
2024-08-19 17:38:03,320 - DEBUG - STREAM b'pHYs' 57 9
2024-08-19 17:38:03,320 - DEBUG - STREAM b'tEXt' 78 25
2024-08-19 17:38:03,320 - DEBUG - STREAM b'IDAT' 115 8192
2024-08-19 17:38:37,221 - DEBUG - Measurements retrieved from listbox: ('IPHONE15PROMAX\n_UW\n_photo\n_12MP\n_16:9_57.1\n',)
2024-08-19 17:38:37,221 - DEBUG - Processing measurement: ['IPHONE15PROMAX\n', 'UW\n', 'photo\n', '12MP\n', '16:9', '57.1\n']
2024-08-19 17:38:37,221 - DEBUG - Calculated FOVs - H: 103.93554922389406, V: 70.0244369497422, D: 111.10262138108811
2024-08-19 17:38:37,221 - DEBUG - DataFrame created and sorted by Device:              Device Camera  ... Vertical FOV (deg) Diagonal FOV (deg)
0  IPHONE15PROMAX\n   UW\n  ...          70.024437         111.102621

[1 rows x 9 columns]
2024-08-19 17:38:37,422 - DEBUG - FOV Data written to Excel
2024-08-19 17:38:37,422 - DEBUG - Chart Size Info written to Excel
2024-08-19 17:38:37,437 - INFO - Excel file "FOV_Measurements.xlsx" has been created successfully with auto-spacing.
2024-08-19 18:08:07,628 - DEBUG - STREAM b'IHDR' 16 13
2024-08-19 18:08:07,628 - DEBUG - STREAM b'sBIT' 41 4
2024-08-19 18:08:07,628 - DEBUG - b'sBIT' 41 4 (unknown)
2024-08-19 18:08:07,628 - DEBUG - STREAM b'pHYs' 57 9
2024-08-19 18:08:07,628 - DEBUG - STREAM b'tEXt' 78 25
2024-08-19 18:08:07,628 - DEBUG - STREAM b'IDAT' 115 8192
2024-08-19 18:45:30,466 - DEBUG - STREAM b'IHDR' 16 13
2024-08-19 18:45:30,466 - DEBUG - STREAM b'sBIT' 41 4
2024-08-19 18:45:30,466 - DEBUG - b'sBIT' 41 4 (unknown)
2024-08-19 18:45:30,466 - DEBUG - STREAM b'pHYs' 57 9
2024-08-19 18:45:30,466 - DEBUG - STREAM b'tEXt' 78 25
2024-08-19 18:45:30,466 - DEBUG - STREAM b'IDAT' 115 8192
2024-08-19 18:50:03,669 - DEBUG - STREAM b'IHDR' 16 13
2024-08-19 18:50:03,669 - DEBUG - STREAM b'sBIT' 41 4
2024-08-19 18:50:03,669 - DEBUG - b'sBIT' 41 4 (unknown)
2024-08-19 18:50:03,669 - DEBUG - STREAM b'pHYs' 57 9
2024-08-19 18:50:03,669 - DEBUG - STREAM b'tEXt' 78 25
2024-08-19 18:50:03,669 - DEBUG - STREAM b'IDAT' 115 8192
2024-08-19 18:50:21,040 - DEBUG - STREAM b'IHDR' 16 13
2024-08-19 18:50:21,040 - DEBUG - STREAM b'sBIT' 41 4
2024-08-19 18:50:21,040 - DEBUG - b'sBIT' 41 4 (unknown)
2024-08-19 18:50:21,040 - DEBUG - STREAM b'pHYs' 57 9
2024-08-19 18:50:21,040 - DEBUG - STREAM b'tEXt' 78 25
2024-08-19 18:50:21,040 - DEBUG - STREAM b'IDAT' 115 8192
2024-08-19 18:54:11,229 - DEBUG - STREAM b'IHDR' 16 13
2024-08-19 18:54:11,229 - DEBUG - STREAM b'sBIT' 41 4
2024-08-19 18:54:11,229 - DEBUG - b'sBIT' 41 4 (unknown)
2024-08-19 18:54:11,229 - DEBUG - STREAM b'pHYs' 57 9
2024-08-19 18:54:11,229 - DEBUG - STREAM b'tEXt' 78 25
2024-08-19 18:54:11,229 - DEBUG - STREAM b'IDAT' 115 8192
2024-08-19 18:59:56,770 - DEBUG - STREAM b'IHDR' 16 13
2024-08-19 18:59:56,770 - DEBUG - STREAM b'sBIT' 41 4
2024-08-19 18:59:56,770 - DEBUG - b'sBIT' 41 4 (unknown)
2024-08-19 18:59:56,770 - DEBUG - STREAM b'pHYs' 57 9
2024-08-19 18:59:56,770 - DEBUG - STREAM b'tEXt' 78 25
2024-08-19 18:59:56,770 - DEBUG - STREAM b'IDAT' 115 8192
2024-08-19 19:36:07,396 - DEBUG - STREAM b'IHDR' 16 13
2024-08-19 19:36:07,396 - DEBUG - STREAM b'sBIT' 41 4
2024-08-19 19:36:07,396 - DEBUG - b'sBIT' 41 4 (unknown)
2024-08-19 19:36:07,396 - DEBUG - STREAM b'pHYs' 57 9
2024-08-19 19:36:07,396 - DEBUG - STREAM b'tEXt' 78 25
2024-08-19 19:36:07,396 - DEBUG - STREAM b'IDAT' 115 8192
2024-08-19 20:10:33,244 - DEBUG - Measurements retrieved from listbox: ('IPHONE15PROMAX\n_UW_photo_12MP_16:9_57.1', 'IPHONE15PROMAX\n_W_photo_12MP_16:9_103.5', 'IPHONE15PROMAX\n_T_photo_12MP_16:9_515.5', 'IPHONE15PROMAX\n_UW_photo_12MP_4:3_42.2\n', 'IPHONE15PROMAX\n_W_photo_12MP_4:3_76.7', 'IPHONE15PROMAX\n_T_photo_12MP_4:3_381.9', 'S23U_UW_photo_12MP_16:9_57.9', 'S23U_W_photo_12MP_16:9_97.9', 'S23U_UW_photo_12MP_4:3_42.2', 'S23U_W_photo_12MP_4:3_72.6')
2024-08-19 20:10:33,244 - DEBUG - Processing measurement: ['IPHONE15PROMAX\n', 'UW', 'photo', '12MP', '16:9', '57.1']
2024-08-19 20:10:33,244 - DEBUG - Calculated FOVs - H: 103.93554922389406, V: 70.0244369497422, D: 111.10262138108811
2024-08-19 20:10:33,244 - DEBUG - Processing measurement: ['IPHONE15PROMAX\n', 'W', 'photo', '12MP', '16:9', '103.5']
2024-08-19 20:10:33,244 - DEBUG - Calculated FOVs - H: 70.39170593125286, V: 42.26038513573281, D: 77.6164588682131
2024-08-19 20:10:33,244 - DEBUG - Processing measurement: ['IPHONE15PROMAX\n', 'T', 'photo', '12MP', '16:9', '515.5']
2024-08-19 20:10:33,244 - DEBUG - Calculated FOVs - H: 16.120136323467843, V: 8.873901392929673, D: 18.345374113158588
2024-08-19 20:10:33,244 - DEBUG - Processing measurement: ['IPHONE15PROMAX\n', 'UW', 'photo', '12MP', '4:3', '42.2\n']
2024-08-19 20:10:33,244 - DEBUG - Calculated FOVs - H: 103.25952266809826, V: 86.93380460635137, D: 115.31166108507419
2024-08-19 20:10:33,244 - DEBUG - Processing measurement: ['IPHONE15PROMAX\n', 'W', 'photo', '12MP', '4:3', '76.7']
2024-08-19 20:10:33,244 - DEBUG - Calculated FOVs - H: 69.59205255653663, V: 55.08519776101769, D: 81.97081377395693
2024-08-19 20:10:33,244 - DEBUG - Processing measurement: ['IPHONE15PROMAX\n', 'T', 'photo', '12MP', '4:3', '381.9']
2024-08-19 20:10:33,244 - DEBUG - Calculated FOVs - H: 15.89036600146312, V: 11.958655051620989, D: 19.79644259040735
2024-08-19 20:10:33,244 - DEBUG - Processing measurement: ['S23U', 'UW', 'photo', '12MP', '16:9', '57.9']
2024-08-19 20:10:33,244 - DEBUG - Calculated FOVs - H: 103.16056656384303, V: 69.27702345155254, D: 110.35706566920175
2024-08-19 20:10:33,244 - DEBUG - Processing measurement: ['S23U', 'W', 'photo', '12MP', '16:9', '97.9']
2024-08-19 20:10:33,244 - DEBUG - Calculated FOVs - H: 73.42075640042823, V: 44.447903823739956, D: 80.74647720177218
2024-08-19 20:10:33,244 - DEBUG - Processing measurement: ['S23U', 'UW', 'photo', '12MP', '4:3', '42.2']
2024-08-19 20:10:33,244 - DEBUG - Calculated FOVs - H: 103.25952266809826, V: 86.93380460635137, D: 115.31166108507419
2024-08-19 20:10:33,244 - DEBUG - Processing measurement: ['S23U', 'W', 'photo', '12MP', '4:3', '72.6']
2024-08-19 20:10:33,244 - DEBUG - Calculated FOVs - H: 72.56923602715015, V: 57.70638037884068, D: 85.09804158372427
2024-08-19 20:10:33,260 - DEBUG - DataFrame created and sorted by Device:              Device Camera  ... Vertical FOV (deg) Diagonal FOV (deg)
0  IPHONE15PROMAX\n     UW  ...          70.024437         111.102621
1  IPHONE15PROMAX\n      W  ...          42.260385          77.616459
2  IPHONE15PROMAX\n      T  ...           8.873901          18.345374
3  IPHONE15PROMAX\n     UW  ...          86.933805         115.311661
4  IPHONE15PROMAX\n      W  ...          55.085198          81.970814
5  IPHONE15PROMAX\n      T  ...          11.958655          19.796443
6              S23U     UW  ...          69.277023         110.357066
7              S23U      W  ...          44.447904          80.746477
8              S23U     UW  ...          86.933805         115.311661
9              S23U      W  ...          57.706380          85.098042

[10 rows x 9 columns]
2024-08-19 20:10:33,447 - DEBUG - FOV Data written to Excel
2024-08-19 20:10:33,447 - DEBUG - Chart Size Info written to Excel
2024-08-19 20:10:33,463 - INFO - Excel file "FOV_Measurements.xlsx" has been created successfully with auto-spacing.
